<?xml version="1.0" encoding="UTF-8"?>
<!-- Generated by org.testng.reporters.JUnitReportReporter -->
<testsuite skipped="0" hostname="MSI" name="Class2testNG.testng_810" tests="2" failures="0" timestamp="10 Aug 2019 18:54:30 GMT" time="4.875" errors="0">
  <testcase name="LearnEnglish" time="2.451" classname="Class2testNG.testng_810"/>
  <testcase name="ClickEnglishCourse" time="2.424" classname="Class2testNG.testng_810"/>
</testsuite> <!-- Class2testNG.testng_810 -->
