<?xml version="1.0" encoding="UTF-8"?>
<!-- Generated by org.testng.reporters.JUnitReportReporter -->
<testsuite skipped="0" hostname="MSI" name="TestingEtsy.SearchingFunctionality" tests="1" failures="0" timestamp="10 Aug 2019 20:19:13 GMT" time="7.937" errors="0">
  <testcase name="basicSearch" time="7.937" classname="TestingEtsy.SearchingFunctionality"/>
</testsuite> <!-- TestingEtsy.SearchingFunctionality -->
