<?xml version="1.0" encoding="UTF-8"?>
<!-- Generated by org.testng.reporters.JUnitReportReporter -->
<testsuite skipped="0" hostname="MSI" name="TestingEtsy.SearchingFunctionality" tests="1" failures="0" timestamp="13 Aug 2019 01:47:58 GMT" time="5.862" errors="0">
  <testcase name="basicSearch" time="5.862" classname="TestingEtsy.SearchingFunctionality"/>
</testsuite> <!-- TestingEtsy.SearchingFunctionality -->
