<?xml version="1.0" encoding="UTF-8"?>
<!-- Generated by org.testng.reporters.JUnitReportReporter -->
<testsuite skipped="0" hostname="MSI" name="Class1TestNGStart.Testng1_87" tests="1" failures="0" timestamp="08 Aug 2019 01:09:47 GMT" time="9.684" errors="0">
  <testcase name="Test1" time="9.684" classname="Class1TestNGStart.Testng1_87"/>
</testsuite> <!-- Class1TestNGStart.Testng1_87 -->
